256 256 27.670024
512 256 27.811083
1024 256 35.506735
2048 256 40.433590
4096 256 59.248313
8192 256 133.630528
16384 256 278.879477
32768 256 553.624972
256 512 109.316022
512 512 133.754353
1024 512 136.771573
2048 512 153.750235
4096 512 224.557917
8192 512 535.941966
16384 512 1096.362719
32768 512 2158.511157
256 1024 528.355167
512 1024 530.783367
1024 1024 542.635258
2048 1024 591.770747
4096 1024 854.100405
8192 1024 2131.196667
16384 1024 4315.730234
32768 1024 8388.830351
256 2048 2103.291941
512 2048 2115.686459
1024 2048 2146.513888
2048 2048 2316.998214
4096 2048 3400.147733
8192 2048 8447.367658
16384 2048 17267.892442
32768 2048 33386.417159
256 4096 8492.607931
512 4096 8657.814771
1024 4096 8985.887098
2048 4096 11443.656962
4096 4096 18936.791707
8192 4096 36734.469762
16384 4096 73534.429731
32768 4096 156148.337997
256 8192 34839.024669
512 8192 35261.290563
1024 8192 36591.642176
2048 8192 46818.373980
4096 8192 77090.354530
8192 8192 147881.471020
16384 8192 295976.875521
32768 8192 641921.223371
