The system is: Linux - 3.10.0-957.el7.x86_64 - x86_64
Compiling the C compiler identification source file "CMakeCCompilerId.c" succeeded.
Compiler: /usr/local/gcc/x86_64/8.2.0/bin/gcc 
Build flags: 
Id flags:  

The output was:
0


Compilation of the C compiler identification source "CMakeCCompilerId.c" produced "a.out"

The C compiler identification is GNU, found in "/srv/home/lukericotta/me759-juja/project/omp/CMakeFiles/3.14.0/CompilerIdC/a.out"

Determining if the C compiler works passed with the following output:
Change Dir: /srv/home/lukericotta/me759-juja/project/omp/CMakeFiles/CMakeTmp

Run Build Command(s):/usr/bin/gmake cmTC_ed236/fast 
/usr/bin/gmake -f CMakeFiles/cmTC_ed236.dir/build.make CMakeFiles/cmTC_ed236.dir/build
gmake[1]: Entering directory `/srv/home/lukericotta/me759-juja/project/omp/CMakeFiles/CMakeTmp'
Building C object CMakeFiles/cmTC_ed236.dir/testCCompiler.c.o
/usr/local/gcc/x86_64/8.2.0/bin/gcc    -o CMakeFiles/cmTC_ed236.dir/testCCompiler.c.o   -c /srv/home/lukericotta/me759-juja/project/omp/CMakeFiles/CMakeTmp/testCCompiler.c
Linking C executable cmTC_ed236
/usr/local/cmake/x86_64/3.14.0/bin/cmake -E cmake_link_script CMakeFiles/cmTC_ed236.dir/link.txt --verbose=1
/usr/local/gcc/x86_64/8.2.0/bin/gcc      CMakeFiles/cmTC_ed236.dir/testCCompiler.c.o  -o cmTC_ed236 
gmake[1]: Leaving directory `/srv/home/lukericotta/me759-juja/project/omp/CMakeFiles/CMakeTmp'


Detecting C compiler ABI info compiled with the following output:
Change Dir: /srv/home/lukericotta/me759-juja/project/omp/CMakeFiles/CMakeTmp

Run Build Command(s):/usr/bin/gmake cmTC_fdd18/fast 
/usr/bin/gmake -f CMakeFiles/cmTC_fdd18.dir/build.make CMakeFiles/cmTC_fdd18.dir/build
gmake[1]: Entering directory `/srv/home/lukericotta/me759-juja/project/omp/CMakeFiles/CMakeTmp'
Building C object CMakeFiles/cmTC_fdd18.dir/CMakeCCompilerABI.c.o
/usr/local/gcc/x86_64/8.2.0/bin/gcc   -v -o CMakeFiles/cmTC_fdd18.dir/CMakeCCompilerABI.c.o   -c /usr/local/cmake/x86_64/3.14.0/share/cmake-3.14/Modules/CMakeCCompilerABI.c
Using built-in specs.
COLLECT_GCC=/usr/local/gcc/x86_64/8.2.0/bin/gcc
Target: x86_64-pc-linux-gnu
Configured with: ../gcc-8.2.0/configure --prefix=/usr/local/gcc/8.2.0 --disable-multilib --enable-languages=c,c++,fortran,go
Thread model: posix
gcc version 8.2.0 (GCC) 
COLLECT_GCC_OPTIONS='-v' '-o' 'CMakeFiles/cmTC_fdd18.dir/CMakeCCompilerABI.c.o' '-c' '-mtune=generic' '-march=x86-64'
 /usr/local/gcc/8.2.0/libexec/gcc/x86_64-pc-linux-gnu/8.2.0/cc1 -quiet -v /usr/local/cmake/x86_64/3.14.0/share/cmake-3.14/Modules/CMakeCCompilerABI.c -quiet -dumpbase CMakeCCompilerABI.c -mtune=generic -march=x86-64 -auxbase-strip CMakeFiles/cmTC_fdd18.dir/CMakeCCompilerABI.c.o -version -o /tmp/ccl5YBJL.s
GNU C17 (GCC) version 8.2.0 (x86_64-pc-linux-gnu)
	compiled by GNU C version 8.2.0, GMP version 6.0.0, MPFR version 3.1.1, MPC version 1.0.1, isl version none
GGC heuristics: --param ggc-min-expand=100 --param ggc-min-heapsize=131072
ignoring nonexistent directory "/usr/local/gcc/8.2.0/lib/gcc/x86_64-pc-linux-gnu/8.2.0/../../../../x86_64-pc-linux-gnu/include"
#include "..." search starts here:
#include <...> search starts here:
 /usr/local/gcc/8.2.0/lib/gcc/x86_64-pc-linux-gnu/8.2.0/include
 /usr/local/include
 /usr/local/gcc/8.2.0/include
 /usr/local/gcc/8.2.0/lib/gcc/x86_64-pc-linux-gnu/8.2.0/include-fixed
 /usr/include
End of search list.
GNU C17 (GCC) version 8.2.0 (x86_64-pc-linux-gnu)
	compiled by GNU C version 8.2.0, GMP version 6.0.0, MPFR version 3.1.1, MPC version 1.0.1, isl version none
GGC heuristics: --param ggc-min-expand=100 --param ggc-min-heapsize=131072
Compiler executable checksum: 94899ce26478e5b783f746d7aa4cf155
COLLECT_GCC_OPTIONS='-v' '-o' 'CMakeFiles/cmTC_fdd18.dir/CMakeCCompilerABI.c.o' '-c' '-mtune=generic' '-march=x86-64'
 as -v --64 -o CMakeFiles/cmTC_fdd18.dir/CMakeCCompilerABI.c.o /tmp/ccl5YBJL.s
GNU assembler version 2.27 (x86_64-redhat-linux) using BFD version version 2.27-34.base.el7
COMPILER_PATH=/usr/local/gcc/8.2.0/libexec/gcc/x86_64-pc-linux-gnu/8.2.0/:/usr/local/gcc/8.2.0/libexec/gcc/x86_64-pc-linux-gnu/8.2.0/:/usr/local/gcc/8.2.0/libexec/gcc/x86_64-pc-linux-gnu/:/usr/local/gcc/8.2.0/lib/gcc/x86_64-pc-linux-gnu/8.2.0/:/usr/local/gcc/8.2.0/lib/gcc/x86_64-pc-linux-gnu/
LIBRARY_PATH=/usr/local/gcc/8.2.0/lib/gcc/x86_64-pc-linux-gnu/8.2.0/:/usr/local/gcc/8.2.0/lib/gcc/x86_64-pc-linux-gnu/8.2.0/../../../../lib64/:/lib/../lib64/:/usr/lib/../lib64/:/usr/local/gcc/8.2.0/lib/gcc/x86_64-pc-linux-gnu/8.2.0/../../../:/lib/:/usr/lib/
COLLECT_GCC_OPTIONS='-v' '-o' 'CMakeFiles/cmTC_fdd18.dir/CMakeCCompilerABI.c.o' '-c' '-mtune=generic' '-march=x86-64'
Linking C executable cmTC_fdd18
/usr/local/cmake/x86_64/3.14.0/bin/cmake -E cmake_link_script CMakeFiles/cmTC_fdd18.dir/link.txt --verbose=1
/usr/local/gcc/x86_64/8.2.0/bin/gcc     -v CMakeFiles/cmTC_fdd18.dir/CMakeCCompilerABI.c.o  -o cmTC_fdd18 
Using built-in specs.
COLLECT_GCC=/usr/local/gcc/x86_64/8.2.0/bin/gcc
COLLECT_LTO_WRAPPER=/usr/local/gcc/8.2.0/libexec/gcc/x86_64-pc-linux-gnu/8.2.0/lto-wrapper
Target: x86_64-pc-linux-gnu
Configured with: ../gcc-8.2.0/configure --prefix=/usr/local/gcc/8.2.0 --disable-multilib --enable-languages=c,c++,fortran,go
Thread model: posix
gcc version 8.2.0 (GCC) 
COMPILER_PATH=/usr/local/gcc/8.2.0/libexec/gcc/x86_64-pc-linux-gnu/8.2.0/:/usr/local/gcc/8.2.0/libexec/gcc/x86_64-pc-linux-gnu/8.2.0/:/usr/local/gcc/8.2.0/libexec/gcc/x86_64-pc-linux-gnu/:/usr/local/gcc/8.2.0/lib/gcc/x86_64-pc-linux-gnu/8.2.0/:/usr/local/gcc/8.2.0/lib/gcc/x86_64-pc-linux-gnu/
LIBRARY_PATH=/usr/local/gcc/8.2.0/lib/gcc/x86_64-pc-linux-gnu/8.2.0/:/usr/local/gcc/8.2.0/lib/gcc/x86_64-pc-linux-gnu/8.2.0/../../../../lib64/:/lib/../lib64/:/usr/lib/../lib64/:/usr/local/gcc/8.2.0/lib/gcc/x86_64-pc-linux-gnu/8.2.0/../../../:/lib/:/usr/lib/
COLLECT_GCC_OPTIONS='-v' '-o' 'cmTC_fdd18' '-mtune=generic' '-march=x86-64'
 /usr/local/gcc/8.2.0/libexec/gcc/x86_64-pc-linux-gnu/8.2.0/collect2 -plugin /usr/local/gcc/8.2.0/libexec/gcc/x86_64-pc-linux-gnu/8.2.0/liblto_plugin.so -plugin-opt=/usr/local/gcc/8.2.0/libexec/gcc/x86_64-pc-linux-gnu/8.2.0/lto-wrapper -plugin-opt=-fresolution=/tmp/ccHsGAqN.res -plugin-opt=-pass-through=-lgcc -plugin-opt=-pass-through=-lgcc_s -plugin-opt=-pass-through=-lc -plugin-opt=-pass-through=-lgcc -plugin-opt=-pass-through=-lgcc_s --eh-frame-hdr -m elf_x86_64 -dynamic-linker /lib64/ld-linux-x86-64.so.2 -o cmTC_fdd18 /lib/../lib64/crt1.o /lib/../lib64/crti.o /usr/local/gcc/8.2.0/lib/gcc/x86_64-pc-linux-gnu/8.2.0/crtbegin.o -L/usr/local/gcc/8.2.0/lib/gcc/x86_64-pc-linux-gnu/8.2.0 -L/usr/local/gcc/8.2.0/lib/gcc/x86_64-pc-linux-gnu/8.2.0/../../../../lib64 -L/lib/../lib64 -L/usr/lib/../lib64 -L/usr/local/gcc/8.2.0/lib/gcc/x86_64-pc-linux-gnu/8.2.0/../../.. CMakeFiles/cmTC_fdd18.dir/CMakeCCompilerABI.c.o -lgcc --as-needed -lgcc_s --no-as-needed -lc -lgcc --as-needed -lgcc_s --no-as-needed /usr/local/gcc/8.2.0/lib/gcc/x86_64-pc-linux-gnu/8.2.0/crtend.o /lib/../lib64/crtn.o
COLLECT_GCC_OPTIONS='-v' '-o' 'cmTC_fdd18' '-mtune=generic' '-march=x86-64'
gmake[1]: Leaving directory `/srv/home/lukericotta/me759-juja/project/omp/CMakeFiles/CMakeTmp'


Parsed C implicit include dir info from above output: rv=done
  found start of include info
  found start of implicit include info
    add: [/usr/local/gcc/8.2.0/lib/gcc/x86_64-pc-linux-gnu/8.2.0/include]
    add: [/usr/local/include]
    add: [/usr/local/gcc/8.2.0/include]
    add: [/usr/local/gcc/8.2.0/lib/gcc/x86_64-pc-linux-gnu/8.2.0/include-fixed]
    add: [/usr/include]
  end of search list found
  implicit include dirs: [/usr/local/gcc/8.2.0/lib/gcc/x86_64-pc-linux-gnu/8.2.0/include;/usr/local/include;/usr/local/gcc/8.2.0/include;/usr/local/gcc/8.2.0/lib/gcc/x86_64-pc-linux-gnu/8.2.0/include-fixed;/usr/include]


Parsed C implicit link information from above output:
  link line regex: [^( *|.*[/\])(ld|CMAKE_LINK_STARTFILE-NOTFOUND|([^/\]+-)?ld|collect2)[^/\]*( |$)]
  ignore line: [Change Dir: /srv/home/lukericotta/me759-juja/project/omp/CMakeFiles/CMakeTmp]
  ignore line: []
  ignore line: [Run Build Command(s):/usr/bin/gmake cmTC_fdd18/fast ]
  ignore line: [/usr/bin/gmake -f CMakeFiles/cmTC_fdd18.dir/build.make CMakeFiles/cmTC_fdd18.dir/build]
  ignore line: [gmake[1]: Entering directory `/srv/home/lukericotta/me759-juja/project/omp/CMakeFiles/CMakeTmp']
  ignore line: [Building C object CMakeFiles/cmTC_fdd18.dir/CMakeCCompilerABI.c.o]
  ignore line: [/usr/local/gcc/x86_64/8.2.0/bin/gcc   -v -o CMakeFiles/cmTC_fdd18.dir/CMakeCCompilerABI.c.o   -c /usr/local/cmake/x86_64/3.14.0/share/cmake-3.14/Modules/CMakeCCompilerABI.c]
  ignore line: [Using built-in specs.]
  ignore line: [COLLECT_GCC=/usr/local/gcc/x86_64/8.2.0/bin/gcc]
  ignore line: [Target: x86_64-pc-linux-gnu]
  ignore line: [Configured with: ../gcc-8.2.0/configure --prefix=/usr/local/gcc/8.2.0 --disable-multilib --enable-languages=c,c++,fortran,go]
  ignore line: [Thread model: posix]
  ignore line: [gcc version 8.2.0 (GCC) ]
  ignore line: [COLLECT_GCC_OPTIONS='-v' '-o' 'CMakeFiles/cmTC_fdd18.dir/CMakeCCompilerABI.c.o' '-c' '-mtune=generic' '-march=x86-64']
  ignore line: [ /usr/local/gcc/8.2.0/libexec/gcc/x86_64-pc-linux-gnu/8.2.0/cc1 -quiet -v /usr/local/cmake/x86_64/3.14.0/share/cmake-3.14/Modules/CMakeCCompilerABI.c -quiet -dumpbase CMakeCCompilerABI.c -mtune=generic -march=x86-64 -auxbase-strip CMakeFiles/cmTC_fdd18.dir/CMakeCCompilerABI.c.o -version -o /tmp/ccl5YBJL.s]
  ignore line: [GNU C17 (GCC) version 8.2.0 (x86_64-pc-linux-gnu)]
  ignore line: [	compiled by GNU C version 8.2.0, GMP version 6.0.0, MPFR version 3.1.1, MPC version 1.0.1, isl version none]
  ignore line: [GGC heuristics: --param ggc-min-expand=100 --param ggc-min-heapsize=131072]
  ignore line: [ignoring nonexistent directory "/usr/local/gcc/8.2.0/lib/gcc/x86_64-pc-linux-gnu/8.2.0/../../../../x86_64-pc-linux-gnu/include"]
  ignore line: [#include "..." search starts here:]
  ignore line: [#include <...> search starts here:]
  ignore line: [ /usr/local/gcc/8.2.0/lib/gcc/x86_64-pc-linux-gnu/8.2.0/include]
  ignore line: [ /usr/local/include]
  ignore line: [ /usr/local/gcc/8.2.0/include]
  ignore line: [ /usr/local/gcc/8.2.0/lib/gcc/x86_64-pc-linux-gnu/8.2.0/include-fixed]
  ignore line: [ /usr/include]
  ignore line: [End of search list.]
  ignore line: [GNU C17 (GCC) version 8.2.0 (x86_64-pc-linux-gnu)]
  ignore line: [	compiled by GNU C version 8.2.0, GMP version 6.0.0, MPFR version 3.1.1, MPC version 1.0.1, isl version none]
  ignore line: [GGC heuristics: --param ggc-min-expand=100 --param ggc-min-heapsize=131072]
  ignore line: [Compiler executable checksum: 94899ce26478e5b783f746d7aa4cf155]
  ignore line: [COLLECT_GCC_OPTIONS='-v' '-o' 'CMakeFiles/cmTC_fdd18.dir/CMakeCCompilerABI.c.o' '-c' '-mtune=generic' '-march=x86-64']
  ignore line: [ as -v --64 -o CMakeFiles/cmTC_fdd18.dir/CMakeCCompilerABI.c.o /tmp/ccl5YBJL.s]
  ignore line: [GNU assembler version 2.27 (x86_64-redhat-linux) using BFD version version 2.27-34.base.el7]
  ignore line: [COMPILER_PATH=/usr/local/gcc/8.2.0/libexec/gcc/x86_64-pc-linux-gnu/8.2.0/:/usr/local/gcc/8.2.0/libexec/gcc/x86_64-pc-linux-gnu/8.2.0/:/usr/local/gcc/8.2.0/libexec/gcc/x86_64-pc-linux-gnu/:/usr/local/gcc/8.2.0/lib/gcc/x86_64-pc-linux-gnu/8.2.0/:/usr/local/gcc/8.2.0/lib/gcc/x86_64-pc-linux-gnu/]
  ignore line: [LIBRARY_PATH=/usr/local/gcc/8.2.0/lib/gcc/x86_64-pc-linux-gnu/8.2.0/:/usr/local/gcc/8.2.0/lib/gcc/x86_64-pc-linux-gnu/8.2.0/../../../../lib64/:/lib/../lib64/:/usr/lib/../lib64/:/usr/local/gcc/8.2.0/lib/gcc/x86_64-pc-linux-gnu/8.2.0/../../../:/lib/:/usr/lib/]
  ignore line: [COLLECT_GCC_OPTIONS='-v' '-o' 'CMakeFiles/cmTC_fdd18.dir/CMakeCCompilerABI.c.o' '-c' '-mtune=generic' '-march=x86-64']
  ignore line: [Linking C executable cmTC_fdd18]
  ignore line: [/usr/local/cmake/x86_64/3.14.0/bin/cmake -E cmake_link_script CMakeFiles/cmTC_fdd18.dir/link.txt --verbose=1]
  ignore line: [/usr/local/gcc/x86_64/8.2.0/bin/gcc     -v CMakeFiles/cmTC_fdd18.dir/CMakeCCompilerABI.c.o  -o cmTC_fdd18 ]
  ignore line: [Using built-in specs.]
  ignore line: [COLLECT_GCC=/usr/local/gcc/x86_64/8.2.0/bin/gcc]
  ignore line: [COLLECT_LTO_WRAPPER=/usr/local/gcc/8.2.0/libexec/gcc/x86_64-pc-linux-gnu/8.2.0/lto-wrapper]
  ignore line: [Target: x86_64-pc-linux-gnu]
  ignore line: [Configured with: ../gcc-8.2.0/configure --prefix=/usr/local/gcc/8.2.0 --disable-multilib --enable-languages=c,c++,fortran,go]
  ignore line: [Thread model: posix]
  ignore line: [gcc version 8.2.0 (GCC) ]
  ignore line: [COMPILER_PATH=/usr/local/gcc/8.2.0/libexec/gcc/x86_64-pc-linux-gnu/8.2.0/:/usr/local/gcc/8.2.0/libexec/gcc/x86_64-pc-linux-gnu/8.2.0/:/usr/local/gcc/8.2.0/libexec/gcc/x86_64-pc-linux-gnu/:/usr/local/gcc/8.2.0/lib/gcc/x86_64-pc-linux-gnu/8.2.0/:/usr/local/gcc/8.2.0/lib/gcc/x86_64-pc-linux-gnu/]
  ignore line: [LIBRARY_PATH=/usr/local/gcc/8.2.0/lib/gcc/x86_64-pc-linux-gnu/8.2.0/:/usr/local/gcc/8.2.0/lib/gcc/x86_64-pc-linux-gnu/8.2.0/../../../../lib64/:/lib/../lib64/:/usr/lib/../lib64/:/usr/local/gcc/8.2.0/lib/gcc/x86_64-pc-linux-gnu/8.2.0/../../../:/lib/:/usr/lib/]
  ignore line: [COLLECT_GCC_OPTIONS='-v' '-o' 'cmTC_fdd18' '-mtune=generic' '-march=x86-64']
  link line: [ /usr/local/gcc/8.2.0/libexec/gcc/x86_64-pc-linux-gnu/8.2.0/collect2 -plugin /usr/local/gcc/8.2.0/libexec/gcc/x86_64-pc-linux-gnu/8.2.0/liblto_plugin.so -plugin-opt=/usr/local/gcc/8.2.0/libexec/gcc/x86_64-pc-linux-gnu/8.2.0/lto-wrapper -plugin-opt=-fresolution=/tmp/ccHsGAqN.res -plugin-opt=-pass-through=-lgcc -plugin-opt=-pass-through=-lgcc_s -plugin-opt=-pass-through=-lc -plugin-opt=-pass-through=-lgcc -plugin-opt=-pass-through=-lgcc_s --eh-frame-hdr -m elf_x86_64 -dynamic-linker /lib64/ld-linux-x86-64.so.2 -o cmTC_fdd18 /lib/../lib64/crt1.o /lib/../lib64/crti.o /usr/local/gcc/8.2.0/lib/gcc/x86_64-pc-linux-gnu/8.2.0/crtbegin.o -L/usr/local/gcc/8.2.0/lib/gcc/x86_64-pc-linux-gnu/8.2.0 -L/usr/local/gcc/8.2.0/lib/gcc/x86_64-pc-linux-gnu/8.2.0/../../../../lib64 -L/lib/../lib64 -L/usr/lib/../lib64 -L/usr/local/gcc/8.2.0/lib/gcc/x86_64-pc-linux-gnu/8.2.0/../../.. CMakeFiles/cmTC_fdd18.dir/CMakeCCompilerABI.c.o -lgcc --as-needed -lgcc_s --no-as-needed -lc -lgcc --as-needed -lgcc_s --no-as-needed /usr/local/gcc/8.2.0/lib/gcc/x86_64-pc-linux-gnu/8.2.0/crtend.o /lib/../lib64/crtn.o]
    arg [/usr/local/gcc/8.2.0/libexec/gcc/x86_64-pc-linux-gnu/8.2.0/collect2] ==> ignore
    arg [-plugin] ==> ignore
    arg [/usr/local/gcc/8.2.0/libexec/gcc/x86_64-pc-linux-gnu/8.2.0/liblto_plugin.so] ==> ignore
    arg [-plugin-opt=/usr/local/gcc/8.2.0/libexec/gcc/x86_64-pc-linux-gnu/8.2.0/lto-wrapper] ==> ignore
    arg [-plugin-opt=-fresolution=/tmp/ccHsGAqN.res] ==> ignore
    arg [-plugin-opt=-pass-through=-lgcc] ==> ignore
    arg [-plugin-opt=-pass-through=-lgcc_s] ==> ignore
    arg [-plugin-opt=-pass-through=-lc] ==> ignore
    arg [-plugin-opt=-pass-through=-lgcc] ==> ignore
    arg [-plugin-opt=-pass-through=-lgcc_s] ==> ignore
    arg [--eh-frame-hdr] ==> ignore
    arg [-m] ==> ignore
    arg [elf_x86_64] ==> ignore
    arg [-dynamic-linker] ==> ignore
    arg [/lib64/ld-linux-x86-64.so.2] ==> ignore
    arg [-o] ==> ignore
    arg [cmTC_fdd18] ==> ignore
    arg [/lib/../lib64/crt1.o] ==> ignore
    arg [/lib/../lib64/crti.o] ==> ignore
    arg [/usr/local/gcc/8.2.0/lib/gcc/x86_64-pc-linux-gnu/8.2.0/crtbegin.o] ==> ignore
    arg [-L/usr/local/gcc/8.2.0/lib/gcc/x86_64-pc-linux-gnu/8.2.0] ==> dir [/usr/local/gcc/8.2.0/lib/gcc/x86_64-pc-linux-gnu/8.2.0]
    arg [-L/usr/local/gcc/8.2.0/lib/gcc/x86_64-pc-linux-gnu/8.2.0/../../../../lib64] ==> dir [/usr/local/gcc/8.2.0/lib/gcc/x86_64-pc-linux-gnu/8.2.0/../../../../lib64]
    arg [-L/lib/../lib64] ==> dir [/lib/../lib64]
    arg [-L/usr/lib/../lib64] ==> dir [/usr/lib/../lib64]
    arg [-L/usr/local/gcc/8.2.0/lib/gcc/x86_64-pc-linux-gnu/8.2.0/../../..] ==> dir [/usr/local/gcc/8.2.0/lib/gcc/x86_64-pc-linux-gnu/8.2.0/../../..]
    arg [CMakeFiles/cmTC_fdd18.dir/CMakeCCompilerABI.c.o] ==> ignore
    arg [-lgcc] ==> lib [gcc]
    arg [--as-needed] ==> ignore
    arg [-lgcc_s] ==> lib [gcc_s]
    arg [--no-as-needed] ==> ignore
    arg [-lc] ==> lib [c]
    arg [-lgcc] ==> lib [gcc]
    arg [--as-needed] ==> ignore
    arg [-lgcc_s] ==> lib [gcc_s]
    arg [--no-as-needed] ==> ignore
    arg [/usr/local/gcc/8.2.0/lib/gcc/x86_64-pc-linux-gnu/8.2.0/crtend.o] ==> ignore
    arg [/lib/../lib64/crtn.o] ==> ignore
  collapse library dir [/usr/local/gcc/8.2.0/lib/gcc/x86_64-pc-linux-gnu/8.2.0] ==> [/usr/local/gcc/8.2.0/lib/gcc/x86_64-pc-linux-gnu/8.2.0]
  collapse library dir [/usr/local/gcc/8.2.0/lib/gcc/x86_64-pc-linux-gnu/8.2.0/../../../../lib64] ==> [/usr/local/gcc/8.2.0/lib64]
  collapse library dir [/lib/../lib64] ==> [/lib64]
  collapse library dir [/usr/lib/../lib64] ==> [/usr/lib64]
  collapse library dir [/usr/local/gcc/8.2.0/lib/gcc/x86_64-pc-linux-gnu/8.2.0/../../..] ==> [/usr/local/gcc/8.2.0/lib]
  implicit libs: [gcc;gcc_s;c;gcc;gcc_s]
  implicit dirs: [/usr/local/gcc/8.2.0/lib/gcc/x86_64-pc-linux-gnu/8.2.0;/usr/local/gcc/8.2.0/lib64;/lib64;/usr/lib64;/usr/local/gcc/8.2.0/lib]
  implicit fwks: []




Detecting C [-std=c11] compiler features compiled with the following output:
Change Dir: /srv/home/lukericotta/me759-juja/project/omp/CMakeFiles/CMakeTmp

Run Build Command(s):/usr/bin/gmake cmTC_5591e/fast 
/usr/bin/gmake -f CMakeFiles/cmTC_5591e.dir/build.make CMakeFiles/cmTC_5591e.dir/build
gmake[1]: Entering directory `/srv/home/lukericotta/me759-juja/project/omp/CMakeFiles/CMakeTmp'
Building C object CMakeFiles/cmTC_5591e.dir/feature_tests.c.o
/usr/local/gcc/x86_64/8.2.0/bin/gcc   -std=c11 -o CMakeFiles/cmTC_5591e.dir/feature_tests.c.o   -c /srv/home/lukericotta/me759-juja/project/omp/CMakeFiles/feature_tests.c
Linking C executable cmTC_5591e
/usr/local/cmake/x86_64/3.14.0/bin/cmake -E cmake_link_script CMakeFiles/cmTC_5591e.dir/link.txt --verbose=1
/usr/local/gcc/x86_64/8.2.0/bin/gcc      CMakeFiles/cmTC_5591e.dir/feature_tests.c.o  -o cmTC_5591e 
gmake[1]: Leaving directory `/srv/home/lukericotta/me759-juja/project/omp/CMakeFiles/CMakeTmp'


    Feature record: C_FEATURE:1c_function_prototypes
    Feature record: C_FEATURE:1c_restrict
    Feature record: C_FEATURE:1c_static_assert
    Feature record: C_FEATURE:1c_variadic_macros


Detecting C [-std=c99] compiler features compiled with the following output:
Change Dir: /srv/home/lukericotta/me759-juja/project/omp/CMakeFiles/CMakeTmp

Run Build Command(s):/usr/bin/gmake cmTC_f4bfe/fast 
/usr/bin/gmake -f CMakeFiles/cmTC_f4bfe.dir/build.make CMakeFiles/cmTC_f4bfe.dir/build
gmake[1]: Entering directory `/srv/home/lukericotta/me759-juja/project/omp/CMakeFiles/CMakeTmp'
Building C object CMakeFiles/cmTC_f4bfe.dir/feature_tests.c.o
/usr/local/gcc/x86_64/8.2.0/bin/gcc   -std=c99 -o CMakeFiles/cmTC_f4bfe.dir/feature_tests.c.o   -c /srv/home/lukericotta/me759-juja/project/omp/CMakeFiles/feature_tests.c
Linking C executable cmTC_f4bfe
/usr/local/cmake/x86_64/3.14.0/bin/cmake -E cmake_link_script CMakeFiles/cmTC_f4bfe.dir/link.txt --verbose=1
/usr/local/gcc/x86_64/8.2.0/bin/gcc      CMakeFiles/cmTC_f4bfe.dir/feature_tests.c.o  -o cmTC_f4bfe 
gmake[1]: Leaving directory `/srv/home/lukericotta/me759-juja/project/omp/CMakeFiles/CMakeTmp'


    Feature record: C_FEATURE:1c_function_prototypes
    Feature record: C_FEATURE:1c_restrict
    Feature record: C_FEATURE:0c_static_assert
    Feature record: C_FEATURE:1c_variadic_macros


Detecting C [-std=c90] compiler features compiled with the following output:
Change Dir: /srv/home/lukericotta/me759-juja/project/omp/CMakeFiles/CMakeTmp

Run Build Command(s):/usr/bin/gmake cmTC_42368/fast 
/usr/bin/gmake -f CMakeFiles/cmTC_42368.dir/build.make CMakeFiles/cmTC_42368.dir/build
gmake[1]: Entering directory `/srv/home/lukericotta/me759-juja/project/omp/CMakeFiles/CMakeTmp'
Building C object CMakeFiles/cmTC_42368.dir/feature_tests.c.o
/usr/local/gcc/x86_64/8.2.0/bin/gcc   -std=c90 -o CMakeFiles/cmTC_42368.dir/feature_tests.c.o   -c /srv/home/lukericotta/me759-juja/project/omp/CMakeFiles/feature_tests.c
Linking C executable cmTC_42368
/usr/local/cmake/x86_64/3.14.0/bin/cmake -E cmake_link_script CMakeFiles/cmTC_42368.dir/link.txt --verbose=1
/usr/local/gcc/x86_64/8.2.0/bin/gcc      CMakeFiles/cmTC_42368.dir/feature_tests.c.o  -o cmTC_42368 
gmake[1]: Leaving directory `/srv/home/lukericotta/me759-juja/project/omp/CMakeFiles/CMakeTmp'


    Feature record: C_FEATURE:1c_function_prototypes
    Feature record: C_FEATURE:0c_restrict
    Feature record: C_FEATURE:0c_static_assert
    Feature record: C_FEATURE:0c_variadic_macros
Detecting C OpenMP compiler ABI info compiled with the following output:
Change Dir: /srv/home/lukericotta/me759-juja/project/omp/CMakeFiles/CMakeTmp

Run Build Command(s):/usr/bin/gmake cmTC_15d25/fast 
/usr/bin/gmake -f CMakeFiles/cmTC_15d25.dir/build.make CMakeFiles/cmTC_15d25.dir/build
gmake[1]: Entering directory `/srv/home/lukericotta/me759-juja/project/omp/CMakeFiles/CMakeTmp'
Building C object CMakeFiles/cmTC_15d25.dir/OpenMPTryFlag.c.o
/usr/local/gcc/x86_64/8.2.0/bin/gcc   -fopenmp -v   -o CMakeFiles/cmTC_15d25.dir/OpenMPTryFlag.c.o   -c /srv/home/lukericotta/me759-juja/project/omp/CMakeFiles/FindOpenMP/OpenMPTryFlag.c
Using built-in specs.
COLLECT_GCC=/usr/local/gcc/x86_64/8.2.0/bin/gcc
Target: x86_64-pc-linux-gnu
Configured with: ../gcc-8.2.0/configure --prefix=/usr/local/gcc/8.2.0 --disable-multilib --enable-languages=c,c++,fortran,go
Thread model: posix
gcc version 8.2.0 (GCC) 
COLLECT_GCC_OPTIONS='-fopenmp' '-v' '-o' 'CMakeFiles/cmTC_15d25.dir/OpenMPTryFlag.c.o' '-c' '-mtune=generic' '-march=x86-64' '-pthread'
 /usr/local/gcc/8.2.0/libexec/gcc/x86_64-pc-linux-gnu/8.2.0/cc1 -quiet -v -D_REENTRANT /srv/home/lukericotta/me759-juja/project/omp/CMakeFiles/FindOpenMP/OpenMPTryFlag.c -quiet -dumpbase OpenMPTryFlag.c -mtune=generic -march=x86-64 -auxbase-strip CMakeFiles/cmTC_15d25.dir/OpenMPTryFlag.c.o -version -fopenmp -o /tmp/ccTxwtXk.s
GNU C17 (GCC) version 8.2.0 (x86_64-pc-linux-gnu)
	compiled by GNU C version 8.2.0, GMP version 6.0.0, MPFR version 3.1.1, MPC version 1.0.1, isl version none
GGC heuristics: --param ggc-min-expand=100 --param ggc-min-heapsize=131072
ignoring nonexistent directory "/usr/local/gcc/8.2.0/lib/gcc/x86_64-pc-linux-gnu/8.2.0/../../../../x86_64-pc-linux-gnu/include"
#include "..." search starts here:
#include <...> search starts here:
 /usr/local/gcc/8.2.0/lib/gcc/x86_64-pc-linux-gnu/8.2.0/include
 /usr/local/include
 /usr/local/gcc/8.2.0/include
 /usr/local/gcc/8.2.0/lib/gcc/x86_64-pc-linux-gnu/8.2.0/include-fixed
 /usr/include
End of search list.
GNU C17 (GCC) version 8.2.0 (x86_64-pc-linux-gnu)
	compiled by GNU C version 8.2.0, GMP version 6.0.0, MPFR version 3.1.1, MPC version 1.0.1, isl version none
GGC heuristics: --param ggc-min-expand=100 --param ggc-min-heapsize=131072
Compiler executable checksum: 94899ce26478e5b783f746d7aa4cf155
COLLECT_GCC_OPTIONS='-fopenmp' '-v' '-o' 'CMakeFiles/cmTC_15d25.dir/OpenMPTryFlag.c.o' '-c' '-mtune=generic' '-march=x86-64' '-pthread'
 as -v --64 -o CMakeFiles/cmTC_15d25.dir/OpenMPTryFlag.c.o /tmp/ccTxwtXk.s
GNU assembler version 2.27 (x86_64-redhat-linux) using BFD version version 2.27-34.base.el7
COMPILER_PATH=/usr/local/gcc/8.2.0/libexec/gcc/x86_64-pc-linux-gnu/8.2.0/:/usr/local/gcc/8.2.0/libexec/gcc/x86_64-pc-linux-gnu/8.2.0/:/usr/local/gcc/8.2.0/libexec/gcc/x86_64-pc-linux-gnu/:/usr/local/gcc/8.2.0/lib/gcc/x86_64-pc-linux-gnu/8.2.0/:/usr/local/gcc/8.2.0/lib/gcc/x86_64-pc-linux-gnu/
LIBRARY_PATH=/usr/local/gcc/8.2.0/lib/gcc/x86_64-pc-linux-gnu/8.2.0/:/usr/local/gcc/8.2.0/lib/gcc/x86_64-pc-linux-gnu/8.2.0/../../../../lib64/:/lib/../lib64/:/usr/lib/../lib64/:/usr/local/gcc/8.2.0/lib/gcc/x86_64-pc-linux-gnu/8.2.0/../../../:/lib/:/usr/lib/
COLLECT_GCC_OPTIONS='-fopenmp' '-v' '-o' 'CMakeFiles/cmTC_15d25.dir/OpenMPTryFlag.c.o' '-c' '-mtune=generic' '-march=x86-64' '-pthread'
Linking C executable cmTC_15d25
/usr/local/cmake/x86_64/3.14.0/bin/cmake -E cmake_link_script CMakeFiles/cmTC_15d25.dir/link.txt --verbose=1
/usr/local/gcc/x86_64/8.2.0/bin/gcc  -fopenmp -v    CMakeFiles/cmTC_15d25.dir/OpenMPTryFlag.c.o  -o cmTC_15d25 -v 
Using built-in specs.
COLLECT_GCC=/usr/local/gcc/x86_64/8.2.0/bin/gcc
COLLECT_LTO_WRAPPER=/usr/local/gcc/8.2.0/libexec/gcc/x86_64-pc-linux-gnu/8.2.0/lto-wrapper
Target: x86_64-pc-linux-gnu
Configured with: ../gcc-8.2.0/configure --prefix=/usr/local/gcc/8.2.0 --disable-multilib --enable-languages=c,c++,fortran,go
Thread model: posix
gcc version 8.2.0 (GCC) 
COMPILER_PATH=/usr/local/gcc/8.2.0/libexec/gcc/x86_64-pc-linux-gnu/8.2.0/:/usr/local/gcc/8.2.0/libexec/gcc/x86_64-pc-linux-gnu/8.2.0/:/usr/local/gcc/8.2.0/libexec/gcc/x86_64-pc-linux-gnu/:/usr/local/gcc/8.2.0/lib/gcc/x86_64-pc-linux-gnu/8.2.0/:/usr/local/gcc/8.2.0/lib/gcc/x86_64-pc-linux-gnu/
LIBRARY_PATH=/usr/local/gcc/8.2.0/lib/gcc/x86_64-pc-linux-gnu/8.2.0/:/usr/local/gcc/8.2.0/lib/gcc/x86_64-pc-linux-gnu/8.2.0/../../../../lib64/:/lib/../lib64/:/usr/lib/../lib64/:/usr/local/gcc/8.2.0/lib/gcc/x86_64-pc-linux-gnu/8.2.0/../../../:/lib/:/usr/lib/
Reading specs from /usr/local/gcc/8.2.0/lib/gcc/x86_64-pc-linux-gnu/8.2.0/../../../../lib64/libgomp.spec
COLLECT_GCC_OPTIONS='-fopenmp' '-v' '-o' 'cmTC_15d25' '-v' '-mtune=generic' '-march=x86-64' '-pthread'
 /usr/local/gcc/8.2.0/libexec/gcc/x86_64-pc-linux-gnu/8.2.0/collect2 -plugin /usr/local/gcc/8.2.0/libexec/gcc/x86_64-pc-linux-gnu/8.2.0/liblto_plugin.so -plugin-opt=/usr/local/gcc/8.2.0/libexec/gcc/x86_64-pc-linux-gnu/8.2.0/lto-wrapper -plugin-opt=-fresolution=/tmp/ccNprlqp.res -plugin-opt=-pass-through=-lgcc -plugin-opt=-pass-through=-lgcc_s -plugin-opt=-pass-through=-lpthread -plugin-opt=-pass-through=-lc -plugin-opt=-pass-through=-lgcc -plugin-opt=-pass-through=-lgcc_s --eh-frame-hdr -m elf_x86_64 -dynamic-linker /lib64/ld-linux-x86-64.so.2 -o cmTC_15d25 /lib/../lib64/crt1.o /lib/../lib64/crti.o /usr/local/gcc/8.2.0/lib/gcc/x86_64-pc-linux-gnu/8.2.0/crtbegin.o -L/usr/local/gcc/8.2.0/lib/gcc/x86_64-pc-linux-gnu/8.2.0 -L/usr/local/gcc/8.2.0/lib/gcc/x86_64-pc-linux-gnu/8.2.0/../../../../lib64 -L/lib/../lib64 -L/usr/lib/../lib64 -L/usr/local/gcc/8.2.0/lib/gcc/x86_64-pc-linux-gnu/8.2.0/../../.. CMakeFiles/cmTC_15d25.dir/OpenMPTryFlag.c.o -lgomp -lgcc --as-needed -lgcc_s --no-as-needed -lpthread -lc -lgcc --as-needed -lgcc_s --no-as-needed /usr/local/gcc/8.2.0/lib/gcc/x86_64-pc-linux-gnu/8.2.0/crtend.o /lib/../lib64/crtn.o
COLLECT_GCC_OPTIONS='-fopenmp' '-v' '-o' 'cmTC_15d25' '-v' '-mtune=generic' '-march=x86-64' '-pthread'
gmake[1]: Leaving directory `/srv/home/lukericotta/me759-juja/project/omp/CMakeFiles/CMakeTmp'


Parsed C OpenMP implicit link information from above output:
  link line regex: [^( *|.*[/\])(ld|CMAKE_LINK_STARTFILE-NOTFOUND|([^/\]+-)?ld|collect2)[^/\]*( |$)]
  ignore line: [Change Dir: /srv/home/lukericotta/me759-juja/project/omp/CMakeFiles/CMakeTmp]
  ignore line: []
  ignore line: [Run Build Command(s):/usr/bin/gmake cmTC_15d25/fast ]
  ignore line: [/usr/bin/gmake -f CMakeFiles/cmTC_15d25.dir/build.make CMakeFiles/cmTC_15d25.dir/build]
  ignore line: [gmake[1]: Entering directory `/srv/home/lukericotta/me759-juja/project/omp/CMakeFiles/CMakeTmp']
  ignore line: [Building C object CMakeFiles/cmTC_15d25.dir/OpenMPTryFlag.c.o]
  ignore line: [/usr/local/gcc/x86_64/8.2.0/bin/gcc   -fopenmp -v   -o CMakeFiles/cmTC_15d25.dir/OpenMPTryFlag.c.o   -c /srv/home/lukericotta/me759-juja/project/omp/CMakeFiles/FindOpenMP/OpenMPTryFlag.c]
  ignore line: [Using built-in specs.]
  ignore line: [COLLECT_GCC=/usr/local/gcc/x86_64/8.2.0/bin/gcc]
  ignore line: [Target: x86_64-pc-linux-gnu]
  ignore line: [Configured with: ../gcc-8.2.0/configure --prefix=/usr/local/gcc/8.2.0 --disable-multilib --enable-languages=c,c++,fortran,go]
  ignore line: [Thread model: posix]
  ignore line: [gcc version 8.2.0 (GCC) ]
  ignore line: [COLLECT_GCC_OPTIONS='-fopenmp' '-v' '-o' 'CMakeFiles/cmTC_15d25.dir/OpenMPTryFlag.c.o' '-c' '-mtune=generic' '-march=x86-64' '-pthread']
  ignore line: [ /usr/local/gcc/8.2.0/libexec/gcc/x86_64-pc-linux-gnu/8.2.0/cc1 -quiet -v -D_REENTRANT /srv/home/lukericotta/me759-juja/project/omp/CMakeFiles/FindOpenMP/OpenMPTryFlag.c -quiet -dumpbase OpenMPTryFlag.c -mtune=generic -march=x86-64 -auxbase-strip CMakeFiles/cmTC_15d25.dir/OpenMPTryFlag.c.o -version -fopenmp -o /tmp/ccTxwtXk.s]
  ignore line: [GNU C17 (GCC) version 8.2.0 (x86_64-pc-linux-gnu)]
  ignore line: [	compiled by GNU C version 8.2.0, GMP version 6.0.0, MPFR version 3.1.1, MPC version 1.0.1, isl version none]
  ignore line: [GGC heuristics: --param ggc-min-expand=100 --param ggc-min-heapsize=131072]
  ignore line: [ignoring nonexistent directory "/usr/local/gcc/8.2.0/lib/gcc/x86_64-pc-linux-gnu/8.2.0/../../../../x86_64-pc-linux-gnu/include"]
  ignore line: [#include "..." search starts here:]
  ignore line: [#include <...> search starts here:]
  ignore line: [ /usr/local/gcc/8.2.0/lib/gcc/x86_64-pc-linux-gnu/8.2.0/include]
  ignore line: [ /usr/local/include]
  ignore line: [ /usr/local/gcc/8.2.0/include]
  ignore line: [ /usr/local/gcc/8.2.0/lib/gcc/x86_64-pc-linux-gnu/8.2.0/include-fixed]
  ignore line: [ /usr/include]
  ignore line: [End of search list.]
  ignore line: [GNU C17 (GCC) version 8.2.0 (x86_64-pc-linux-gnu)]
  ignore line: [	compiled by GNU C version 8.2.0, GMP version 6.0.0, MPFR version 3.1.1, MPC version 1.0.1, isl version none]
  ignore line: [GGC heuristics: --param ggc-min-expand=100 --param ggc-min-heapsize=131072]
  ignore line: [Compiler executable checksum: 94899ce26478e5b783f746d7aa4cf155]
  ignore line: [COLLECT_GCC_OPTIONS='-fopenmp' '-v' '-o' 'CMakeFiles/cmTC_15d25.dir/OpenMPTryFlag.c.o' '-c' '-mtune=generic' '-march=x86-64' '-pthread']
  ignore line: [ as -v --64 -o CMakeFiles/cmTC_15d25.dir/OpenMPTryFlag.c.o /tmp/ccTxwtXk.s]
  ignore line: [GNU assembler version 2.27 (x86_64-redhat-linux) using BFD version version 2.27-34.base.el7]
  ignore line: [COMPILER_PATH=/usr/local/gcc/8.2.0/libexec/gcc/x86_64-pc-linux-gnu/8.2.0/:/usr/local/gcc/8.2.0/libexec/gcc/x86_64-pc-linux-gnu/8.2.0/:/usr/local/gcc/8.2.0/libexec/gcc/x86_64-pc-linux-gnu/:/usr/local/gcc/8.2.0/lib/gcc/x86_64-pc-linux-gnu/8.2.0/:/usr/local/gcc/8.2.0/lib/gcc/x86_64-pc-linux-gnu/]
  ignore line: [LIBRARY_PATH=/usr/local/gcc/8.2.0/lib/gcc/x86_64-pc-linux-gnu/8.2.0/:/usr/local/gcc/8.2.0/lib/gcc/x86_64-pc-linux-gnu/8.2.0/../../../../lib64/:/lib/../lib64/:/usr/lib/../lib64/:/usr/local/gcc/8.2.0/lib/gcc/x86_64-pc-linux-gnu/8.2.0/../../../:/lib/:/usr/lib/]
  ignore line: [COLLECT_GCC_OPTIONS='-fopenmp' '-v' '-o' 'CMakeFiles/cmTC_15d25.dir/OpenMPTryFlag.c.o' '-c' '-mtune=generic' '-march=x86-64' '-pthread']
  ignore line: [Linking C executable cmTC_15d25]
  ignore line: [/usr/local/cmake/x86_64/3.14.0/bin/cmake -E cmake_link_script CMakeFiles/cmTC_15d25.dir/link.txt --verbose=1]
  ignore line: [/usr/local/gcc/x86_64/8.2.0/bin/gcc  -fopenmp -v    CMakeFiles/cmTC_15d25.dir/OpenMPTryFlag.c.o  -o cmTC_15d25 -v ]
  ignore line: [Using built-in specs.]
  ignore line: [COLLECT_GCC=/usr/local/gcc/x86_64/8.2.0/bin/gcc]
  ignore line: [COLLECT_LTO_WRAPPER=/usr/local/gcc/8.2.0/libexec/gcc/x86_64-pc-linux-gnu/8.2.0/lto-wrapper]
  ignore line: [Target: x86_64-pc-linux-gnu]
  ignore line: [Configured with: ../gcc-8.2.0/configure --prefix=/usr/local/gcc/8.2.0 --disable-multilib --enable-languages=c,c++,fortran,go]
  ignore line: [Thread model: posix]
  ignore line: [gcc version 8.2.0 (GCC) ]
  ignore line: [COMPILER_PATH=/usr/local/gcc/8.2.0/libexec/gcc/x86_64-pc-linux-gnu/8.2.0/:/usr/local/gcc/8.2.0/libexec/gcc/x86_64-pc-linux-gnu/8.2.0/:/usr/local/gcc/8.2.0/libexec/gcc/x86_64-pc-linux-gnu/:/usr/local/gcc/8.2.0/lib/gcc/x86_64-pc-linux-gnu/8.2.0/:/usr/local/gcc/8.2.0/lib/gcc/x86_64-pc-linux-gnu/]
  ignore line: [LIBRARY_PATH=/usr/local/gcc/8.2.0/lib/gcc/x86_64-pc-linux-gnu/8.2.0/:/usr/local/gcc/8.2.0/lib/gcc/x86_64-pc-linux-gnu/8.2.0/../../../../lib64/:/lib/../lib64/:/usr/lib/../lib64/:/usr/local/gcc/8.2.0/lib/gcc/x86_64-pc-linux-gnu/8.2.0/../../../:/lib/:/usr/lib/]
  ignore line: [Reading specs from /usr/local/gcc/8.2.0/lib/gcc/x86_64-pc-linux-gnu/8.2.0/../../../../lib64/libgomp.spec]
  ignore line: [COLLECT_GCC_OPTIONS='-fopenmp' '-v' '-o' 'cmTC_15d25' '-v' '-mtune=generic' '-march=x86-64' '-pthread']
  link line: [ /usr/local/gcc/8.2.0/libexec/gcc/x86_64-pc-linux-gnu/8.2.0/collect2 -plugin /usr/local/gcc/8.2.0/libexec/gcc/x86_64-pc-linux-gnu/8.2.0/liblto_plugin.so -plugin-opt=/usr/local/gcc/8.2.0/libexec/gcc/x86_64-pc-linux-gnu/8.2.0/lto-wrapper -plugin-opt=-fresolution=/tmp/ccNprlqp.res -plugin-opt=-pass-through=-lgcc -plugin-opt=-pass-through=-lgcc_s -plugin-opt=-pass-through=-lpthread -plugin-opt=-pass-through=-lc -plugin-opt=-pass-through=-lgcc -plugin-opt=-pass-through=-lgcc_s --eh-frame-hdr -m elf_x86_64 -dynamic-linker /lib64/ld-linux-x86-64.so.2 -o cmTC_15d25 /lib/../lib64/crt1.o /lib/../lib64/crti.o /usr/local/gcc/8.2.0/lib/gcc/x86_64-pc-linux-gnu/8.2.0/crtbegin.o -L/usr/local/gcc/8.2.0/lib/gcc/x86_64-pc-linux-gnu/8.2.0 -L/usr/local/gcc/8.2.0/lib/gcc/x86_64-pc-linux-gnu/8.2.0/../../../../lib64 -L/lib/../lib64 -L/usr/lib/../lib64 -L/usr/local/gcc/8.2.0/lib/gcc/x86_64-pc-linux-gnu/8.2.0/../../.. CMakeFiles/cmTC_15d25.dir/OpenMPTryFlag.c.o -lgomp -lgcc --as-needed -lgcc_s --no-as-needed -lpthread -lc -lgcc --as-needed -lgcc_s --no-as-needed /usr/local/gcc/8.2.0/lib/gcc/x86_64-pc-linux-gnu/8.2.0/crtend.o /lib/../lib64/crtn.o]
    arg [/usr/local/gcc/8.2.0/libexec/gcc/x86_64-pc-linux-gnu/8.2.0/collect2] ==> ignore
    arg [-plugin] ==> ignore
    arg [/usr/local/gcc/8.2.0/libexec/gcc/x86_64-pc-linux-gnu/8.2.0/liblto_plugin.so] ==> ignore
    arg [-plugin-opt=/usr/local/gcc/8.2.0/libexec/gcc/x86_64-pc-linux-gnu/8.2.0/lto-wrapper] ==> ignore
    arg [-plugin-opt=-fresolution=/tmp/ccNprlqp.res] ==> ignore
    arg [-plugin-opt=-pass-through=-lgcc] ==> ignore
    arg [-plugin-opt=-pass-through=-lgcc_s] ==> ignore
    arg [-plugin-opt=-pass-through=-lpthread] ==> ignore
    arg [-plugin-opt=-pass-through=-lc] ==> ignore
    arg [-plugin-opt=-pass-through=-lgcc] ==> ignore
    arg [-plugin-opt=-pass-through=-lgcc_s] ==> ignore
    arg [--eh-frame-hdr] ==> ignore
    arg [-m] ==> ignore
    arg [elf_x86_64] ==> ignore
    arg [-dynamic-linker] ==> ignore
    arg [/lib64/ld-linux-x86-64.so.2] ==> ignore
    arg [-o] ==> ignore
    arg [cmTC_15d25] ==> ignore
    arg [/lib/../lib64/crt1.o] ==> ignore
    arg [/lib/../lib64/crti.o] ==> ignore
    arg [/usr/local/gcc/8.2.0/lib/gcc/x86_64-pc-linux-gnu/8.2.0/crtbegin.o] ==> ignore
    arg [-L/usr/local/gcc/8.2.0/lib/gcc/x86_64-pc-linux-gnu/8.2.0] ==> dir [/usr/local/gcc/8.2.0/lib/gcc/x86_64-pc-linux-gnu/8.2.0]
    arg [-L/usr/local/gcc/8.2.0/lib/gcc/x86_64-pc-linux-gnu/8.2.0/../../../../lib64] ==> dir [/usr/local/gcc/8.2.0/lib/gcc/x86_64-pc-linux-gnu/8.2.0/../../../../lib64]
    arg [-L/lib/../lib64] ==> dir [/lib/../lib64]
    arg [-L/usr/lib/../lib64] ==> dir [/usr/lib/../lib64]
    arg [-L/usr/local/gcc/8.2.0/lib/gcc/x86_64-pc-linux-gnu/8.2.0/../../..] ==> dir [/usr/local/gcc/8.2.0/lib/gcc/x86_64-pc-linux-gnu/8.2.0/../../..]
    arg [CMakeFiles/cmTC_15d25.dir/OpenMPTryFlag.c.o] ==> ignore
    arg [-lgomp] ==> lib [gomp]
    arg [-lgcc] ==> lib [gcc]
    arg [--as-needed] ==> ignore
    arg [-lgcc_s] ==> lib [gcc_s]
    arg [--no-as-needed] ==> ignore
    arg [-lpthread] ==> lib [pthread]
    arg [-lc] ==> lib [c]
    arg [-lgcc] ==> lib [gcc]
    arg [--as-needed] ==> ignore
    arg [-lgcc_s] ==> lib [gcc_s]
    arg [--no-as-needed] ==> ignore
    arg [/usr/local/gcc/8.2.0/lib/gcc/x86_64-pc-linux-gnu/8.2.0/crtend.o] ==> ignore
    arg [/lib/../lib64/crtn.o] ==> ignore
  collapse library dir [/usr/local/gcc/8.2.0/lib/gcc/x86_64-pc-linux-gnu/8.2.0] ==> [/usr/local/gcc/8.2.0/lib/gcc/x86_64-pc-linux-gnu/8.2.0]
  collapse library dir [/usr/local/gcc/8.2.0/lib/gcc/x86_64-pc-linux-gnu/8.2.0/../../../../lib64] ==> [/usr/local/gcc/8.2.0/lib64]
  collapse library dir [/lib/../lib64] ==> [/lib64]
  collapse library dir [/usr/lib/../lib64] ==> [/usr/lib64]
  collapse library dir [/usr/local/gcc/8.2.0/lib/gcc/x86_64-pc-linux-gnu/8.2.0/../../..] ==> [/usr/local/gcc/8.2.0/lib]
  implicit libs: [gomp;gcc;gcc_s;pthread;c;gcc;gcc_s]
  implicit dirs: [/usr/local/gcc/8.2.0/lib/gcc/x86_64-pc-linux-gnu/8.2.0;/usr/local/gcc/8.2.0/lib64;/lib64;/usr/lib64;/usr/local/gcc/8.2.0/lib]
  implicit fwks: []


